2024-11-07 11:37:34,685 - DEBUG - Controlador principal iniciado mediante su constructor
2024-11-07 11:37:35,093 - DEBUG - GPIOManager iniciado mediante su constructor
2024-11-07 11:37:35,094 - DEBUG - Scheduler iniciado mediante su constructor
2024-11-07 11:37:35,098 - DEBUG - el payload es:  {'volumen1': 0, 'volumen2': 0, 'volumen3': 0, 'volumen4': 0.0, 'volumen5': 0, 'volumen6': 0, 'volumen7': 0, 'volumen8': 0, 'volumen9': 0, 'volumen10': 0, 'volumen11': 0, 'volumen12': 0, 'volumen13': 0, 'volumen14': 0, 'tiempo1': 0, 'tiempo2': 0, 'tiempo3': 0, 'tiempo4': 17.018514, 'tiempo5': 0, 'tiempo6': 0, 'tiempo7': 0, 'tiempo8': 0, 'tiempo9': 0, 'tiempo10': 0, 'tiempo11': 0, 'tiempo12': 0, 'tiempo13': 0, 'tiempo14': 0, 'mensaje1': '', 'mensaje2': '', 'mensaje3': '', 'mensaje4': '', 'mensaje5': '', 'mensaje6': '', 'mensaje7': '', 'mensaje8': '', 'mensaje9': '', 'mensaje10': '', 'mensaje11': '', 'mensaje12': '', 'mensaje13': '', 'mensaje14': ''}
2024-11-07 11:37:35,100 - DEBUG - ingreso a load_cronograma_actividades
2024-11-07 11:37:35,157 - DEBUG - Cronograma de actividades recargado en el Scheduler.
2024-11-07 11:37:35,159 - DEBUG - Se detectó el inicio de una actividad en el scheduler
2024-11-07 11:37:35,170 - DEBUG - Se está ejecutando una acción en el scheduler
2024-11-07 11:37:35,176 - DEBUG - Iniciando riego en camellón 7
2024-11-07 11:37:35,178 - DEBUG - Starting new HTTP connection (1): 127.0.0.1:80
2024-11-07 11:37:35,183 - DEBUG - Inicio de conteo de flujo. Volumen objetivo: 0.25.
2024-11-07 11:37:35,184 - DEBUG - Volumen actual: 0.0.
2024-11-07 11:37:35,184 - DEBUG - Válvula del camellón 7 abierta.
2024-11-07 11:37:35,187 - DEBUG - Iniciando inyección de fertilizantes con PWM.
2024-11-07 11:37:35,189 - DEBUG - Iniciando PWM para fertilizante 1.
2024-11-07 11:37:35,191 - DEBUG - Iniciando PWM para fertilizante 2.
2024-11-07 11:37:35,463 - DEBUG - http://127.0.0.1:80 "POST /api/reportes HTTP/1.1" 201 None
2024-11-07 11:37:35,468 - DEBUG - Evento reportado con éxito, payload: {'volumen1': 0, 'volumen2': 0, 'volumen3': 0, 'volumen4': 0.0, 'volumen5': 0, 'volumen6': 0, 'volumen7': 0, 'volumen8': 0, 'volumen9': 0, 'volumen10': 0, 'volumen11': 0, 'volumen12': 0, 'volumen13': 0, 'volumen14': 0, 'tiempo1': 0, 'tiempo2': 0, 'tiempo3': 0, 'tiempo4': 17.018514, 'tiempo5': 0, 'tiempo6': 0, 'tiempo7': 0, 'tiempo8': 0, 'tiempo9': 0, 'tiempo10': 0, 'tiempo11': 0, 'tiempo12': 0, 'tiempo13': 0, 'tiempo14': 0, 'mensaje1': '', 'mensaje2': '', 'mensaje3': '', 'mensaje4': '', 'mensaje5': '', 'mensaje6': '', 'mensaje7': '', 'mensaje8': '', 'mensaje9': '', 'mensaje10': '', 'mensaje11': '', 'mensaje12': '', 'mensaje13': '', 'mensaje14': ''}
2024-11-07 11:37:35,470 - DEBUG - Payload de eventos eliminado y restablecido a valores iniciales.
2024-11-07 11:37:36,187 - DEBUG - Volumen actual: 0.0.
2024-11-07 11:37:37,189 - DEBUG - Volumen actual: 0.0.
2024-11-07 11:37:38,190 - DEBUG - Volumen actual: 0.0.
2024-11-07 11:37:39,191 - DEBUG - Volumen actual: 0.0.
2024-11-07 11:38:03,358 - DEBUG - Controlador principal iniciado mediante su constructor
2024-11-07 11:38:03,780 - DEBUG - GPIOManager iniciado mediante su constructor
2024-11-07 11:38:03,781 - DEBUG - Scheduler iniciado mediante su constructor
2024-11-07 11:38:03,787 - DEBUG - el payload es:  {"volumen1": 0, "volumen2": 0, "volumen3": 0, "volumen4": 0, "volumen5": 0, "volumen6": 0, "volumen7": 0, "volumen8": 0, "volumen9": 0, "volumen10": 0, "volumen11": 0, "volumen12": 0, "volumen13": 0, "volumen14": 0, "tiempo1": 0, "tiempo2": 0, "tiempo3": 0, "tiempo4": 0, "tiempo5": 0, "tiempo6": 0, "tiempo7": 0, "tiempo8": 0, "tiempo9": 0, "tiempo10": 0, "tiempo11": 0, "tiempo12": 0, "tiempo13": 0, "tiempo14": 0, "mensaje1": "", "mensaje2": "", "mensaje3": "", "mensaje4": "", "mensaje5": "", "mensaje6": "", "mensaje7": "", "mensaje8": "", "mensaje9": "", "mensaje10": "", "mensaje11": "", "mensaje12": "", "mensaje13": "", "mensaje14": ""}
2024-11-07 11:41:20,659 - DEBUG - Controlador principal iniciado mediante su constructor
2024-11-07 11:41:21,040 - DEBUG - GPIOManager iniciado mediante su constructor
2024-11-07 11:41:21,041 - DEBUG - Scheduler iniciado mediante su constructor
2024-11-07 11:41:21,043 - DEBUG - el payload es:  {'volumen1': 0, 'volumen2': 0, 'volumen3': 0, 'volumen4': 0, 'volumen5': 0, 'volumen6': 0, 'volumen7': 0, 'volumen8': 0, 'volumen9': 0, 'volumen10': 0, 'volumen11': 0, 'volumen12': 0, 'volumen13': 0, 'volumen14': 0, 'tiempo1': 0, 'tiempo2': 0, 'tiempo3': 0, 'tiempo4': 0, 'tiempo5': 0, 'tiempo6': 0, 'tiempo7': 0, 'tiempo8': 0, 'tiempo9': 0, 'tiempo10': 0, 'tiempo11': 0, 'tiempo12': 0, 'tiempo13': 0, 'tiempo14': 0, 'mensaje1': '', 'mensaje2': '', 'mensaje3': '', 'mensaje4': '', 'mensaje5': '', 'mensaje6': '', 'mensaje7': '', 'mensaje8': '', 'mensaje9': '', 'mensaje10': '', 'mensaje11': '', 'mensaje12': '', 'mensaje13': '', 'mensaje14': ''}
2024-11-07 11:41:21,046 - DEBUG - ingreso a load_cronograma_actividades
2024-11-07 11:41:21,074 - DEBUG - Cronograma de actividades recargado en el Scheduler.
2024-11-07 11:41:21,075 - DEBUG - Se detectó el inicio de una actividad en el scheduler
2024-11-07 11:41:21,083 - DEBUG - Se está ejecutando una acción en el scheduler
2024-11-07 11:41:21,085 - DEBUG - Starting new HTTP connection (1): 127.0.0.1:80
2024-11-07 11:41:21,085 - DEBUG - Iniciando riego en camellón 11
2024-11-07 11:41:21,088 - ERROR - Camellón 11 no encontrado en la configuración.
2024-11-07 11:41:21,088 - DEBUG - Válvula del camellón 11 abierta.
2024-11-07 11:41:21,089 - DEBUG - Inicio de conteo de flujo. Volumen objetivo: 0.25.
2024-11-07 11:41:21,090 - DEBUG - Volumen actual: 0.0.
2024-11-07 11:41:21,091 - DEBUG - Iniciando inyección de fertilizantes con PWM.
2024-11-07 11:41:21,093 - DEBUG - Iniciando PWM para fertilizante 1.
2024-11-07 11:41:21,093 - DEBUG - Iniciando PWM para fertilizante 2.
2024-11-07 11:41:22,092 - DEBUG - Volumen actual: 0.0.
2024-11-07 11:41:23,317 - DEBUG - http://127.0.0.1:80 "POST /api/reportes HTTP/1.1" 201 None
2024-11-07 11:41:23,321 - DEBUG - Evento reportado con éxito, payload: {'volumen1': 0, 'volumen2': 0, 'volumen3': 0, 'volumen4': 0, 'volumen5': 0, 'volumen6': 0, 'volumen7': 0, 'volumen8': 0, 'volumen9': 0, 'volumen10': 0, 'volumen11': 0, 'volumen12': 0, 'volumen13': 0, 'volumen14': 0, 'tiempo1': 0, 'tiempo2': 0, 'tiempo3': 0, 'tiempo4': 0, 'tiempo5': 0, 'tiempo6': 0, 'tiempo7': 0, 'tiempo8': 0, 'tiempo9': 0, 'tiempo10': 0, 'tiempo11': 0, 'tiempo12': 0, 'tiempo13': 0, 'tiempo14': 0, 'mensaje1': '', 'mensaje2': '', 'mensaje3': '', 'mensaje4': '', 'mensaje5': '', 'mensaje6': '', 'mensaje7': '', 'mensaje8': '', 'mensaje9': '', 'mensaje10': '', 'mensaje11': '', 'mensaje12': '', 'mensaje13': '', 'mensaje14': ''}
2024-11-07 11:41:23,323 - DEBUG - Payload de eventos eliminado y restablecido a valores iniciales.
2024-11-07 11:41:24,185 - DEBUG - Volumen actual: 0.0.
2024-11-07 11:41:25,186 - DEBUG - Volumen actual: 0.0.
2024-11-07 11:41:26,187 - DEBUG - Volumen actual: 0.0.
2024-11-07 11:41:27,188 - DEBUG - Volumen actual: 0.0.
2024-11-07 11:41:28,189 - DEBUG - Volumen actual: 0.0.
2024-11-07 11:41:29,217 - DEBUG - Volumen actual: 0.0.
2024-11-07 11:41:30,218 - DEBUG - Volumen actual: 0.0.
2024-11-07 11:41:31,220 - DEBUG - Volumen actual: 0.0.
2024-11-07 11:41:32,220 - DEBUG - Volumen actual: 0.0.
2024-11-07 11:41:33,222 - DEBUG - Volumen actual: 0.0.
2024-11-07 11:42:41,334 - DEBUG - Controlador principal iniciado mediante su constructor
2024-11-07 11:42:41,746 - DEBUG - GPIOManager iniciado mediante su constructor
2024-11-07 11:42:41,747 - DEBUG - Scheduler iniciado mediante su constructor
2024-11-07 11:42:41,751 - DEBUG - el payload es:  {'volumen1': 0, 'volumen2': 0, 'volumen3': 0, 'volumen4': 0, 'volumen5': 0, 'volumen6': 0, 'volumen7': 0, 'volumen8': 0, 'volumen9': 0, 'volumen10': 0, 'volumen11': 0, 'volumen12': 0, 'volumen13': 0, 'volumen14': 0, 'tiempo1': 0, 'tiempo2': 0, 'tiempo3': 0, 'tiempo4': 0, 'tiempo5': 0, 'tiempo6': 0, 'tiempo7': 0, 'tiempo8': 0, 'tiempo9': 0, 'tiempo10': 0, 'tiempo11': 0, 'tiempo12': 0, 'tiempo13': 0, 'tiempo14': 0, 'mensaje1': '', 'mensaje2': '', 'mensaje3': '', 'mensaje4': '', 'mensaje5': '', 'mensaje6': '', 'mensaje7': '', 'mensaje8': '', 'mensaje9': '', 'mensaje10': '', 'mensaje11': '', 'mensaje12': '', 'mensaje13': '', 'mensaje14': ''}
2024-11-07 11:42:41,756 - DEBUG - ingreso a load_cronograma_actividades
2024-11-07 11:42:41,808 - DEBUG - Cronograma de actividades recargado en el Scheduler.
2024-11-07 11:42:41,810 - DEBUG - Se detectó el inicio de una actividad en el scheduler
2024-11-07 11:42:41,825 - DEBUG - Starting new HTTP connection (1): 127.0.0.1:80
2024-11-07 11:42:41,826 - DEBUG - Se está ejecutando una acción en el scheduler
2024-11-07 11:42:41,830 - DEBUG - Iniciando riego en camellón 12
2024-11-07 11:42:41,833 - ERROR - Camellón 12 no encontrado en la configuración.
2024-11-07 11:42:41,835 - DEBUG - Válvula del camellón 12 abierta.
2024-11-07 11:42:41,836 - DEBUG - Inicio de conteo de flujo. Volumen objetivo: 0.25.
2024-11-07 11:42:41,837 - DEBUG - Volumen actual: 0.0.
2024-11-07 11:42:41,839 - DEBUG - Iniciando inyección de fertilizantes con PWM.
2024-11-07 11:42:41,841 - DEBUG - Iniciando PWM para fertilizante 1.
2024-11-07 11:42:41,844 - DEBUG - Iniciando PWM para fertilizante 2.
2024-11-07 11:42:42,110 - DEBUG - http://127.0.0.1:80 "POST /api/reportes HTTP/1.1" 201 None
2024-11-07 11:42:42,115 - DEBUG - Evento reportado con éxito, payload: {'volumen1': 0, 'volumen2': 0, 'volumen3': 0, 'volumen4': 0, 'volumen5': 0, 'volumen6': 0, 'volumen7': 0, 'volumen8': 0, 'volumen9': 0, 'volumen10': 0, 'volumen11': 0, 'volumen12': 0, 'volumen13': 0, 'volumen14': 0, 'tiempo1': 0, 'tiempo2': 0, 'tiempo3': 0, 'tiempo4': 0, 'tiempo5': 0, 'tiempo6': 0, 'tiempo7': 0, 'tiempo8': 0, 'tiempo9': 0, 'tiempo10': 0, 'tiempo11': 0, 'tiempo12': 0, 'tiempo13': 0, 'tiempo14': 0, 'mensaje1': '', 'mensaje2': '', 'mensaje3': '', 'mensaje4': '', 'mensaje5': '', 'mensaje6': '', 'mensaje7': '', 'mensaje8': '', 'mensaje9': '', 'mensaje10': '', 'mensaje11': '', 'mensaje12': '', 'mensaje13': '', 'mensaje14': ''}
2024-11-07 11:42:42,116 - DEBUG - Payload de eventos eliminado y restablecido a valores iniciales.
2024-11-07 11:42:42,839 - DEBUG - Volumen actual: 0.0.
2024-11-07 11:42:43,840 - DEBUG - Volumen actual: 0.0.
2024-11-07 11:42:44,841 - DEBUG - Volumen actual: 0.0.
2024-11-07 11:42:45,842 - DEBUG - Volumen actual: 0.0.
2024-11-07 11:42:46,843 - DEBUG - Volumen actual: 0.0.
2024-11-07 11:42:47,844 - DEBUG - Volumen actual: 0.0.
2024-11-07 11:42:48,850 - DEBUG - Volumen actual: 0.0.
2024-11-07 11:42:49,850 - DEBUG - Volumen actual: 0.0.
2024-11-07 11:42:50,851 - DEBUG - Volumen actual: 0.0.
2024-11-07 11:42:51,852 - DEBUG - Volumen actual: 0.0.
2024-11-07 11:42:52,853 - DEBUG - Volumen actual: 0.0.
2024-11-07 11:42:53,854 - DEBUG - Volumen actual: 0.0.
2024-11-07 11:42:54,855 - DEBUG - Volumen actual: 0.0.
2024-11-07 11:42:55,856 - DEBUG - Volumen actual: 0.0.
2024-11-07 11:42:56,856 - DEBUG - Volumen actual: 0.0.
2024-11-07 11:42:57,857 - DEBUG - Volumen actual: 0.0.
2024-11-07 11:42:58,858 - DEBUG - Volumen actual: 0.0.
2024-11-07 11:42:59,858 - DEBUG - Volumen actual: 0.0.
2024-11-07 11:43:00,859 - DEBUG - Volumen actual: 0.0.
2024-11-07 11:43:00,860 - DEBUG - Tiempo de riego alcanzado. Hora actual: 2024-11-07 11:43:00.860420.
2024-11-07 11:43:00,862 - ERROR - Camellón 12 no encontrado en la configuración.
2024-11-07 11:43:00,862 - DEBUG - Válvula del camellón 12 cerrada.
2024-11-07 11:43:01,845 - DEBUG - Finalizando PWM para fertilizante 1.
2024-11-07 11:43:01,847 - DEBUG - Finalizando PWM para fertilizante 2.
2024-11-07 11:43:01,848 - DEBUG - Riego en camellón 12 finalizado.
2024-11-07 11:43:01,848 - DEBUG - Acción ejecutada exitosamente en camellón 12
2024-11-07 11:43:41,831 - DEBUG - Se detectó el inicio de una actividad en el scheduler
2024-11-07 11:43:41,832 - DEBUG - Se está ejecutando una acción en el scheduler
2024-11-07 11:43:41,834 - DEBUG - Iniciando riego en camellón 13
2024-11-07 11:43:41,836 - ERROR - Camellón 13 no encontrado en la configuración.
2024-11-07 11:43:41,837 - DEBUG - Válvula del camellón 13 abierta.
2024-11-07 11:43:41,837 - DEBUG - Inicio de conteo de flujo. Volumen objetivo: 0.25.
2024-11-07 11:43:41,838 - DEBUG - Iniciando inyección de fertilizantes con PWM.
2024-11-07 11:43:41,839 - DEBUG - Volumen actual: 0.0.
2024-11-07 11:43:41,841 - DEBUG - Iniciando PWM para fertilizante 1.
2024-11-07 11:43:41,842 - DEBUG - Iniciando PWM para fertilizante 2.
2024-11-07 11:43:42,117 - DEBUG - el payload es:  {'volumen1': 0, 'volumen2': 0, 'volumen3': 0, 'volumen4': 0, 'volumen5': 0, 'volumen6': 0, 'volumen7': 0, 'volumen8': 0, 'volumen9': 0, 'volumen10': 0, 'volumen11': 0, 'volumen12': 0.0, 'volumen13': 0, 'volumen14': 0, 'tiempo1': 0, 'tiempo2': 0, 'tiempo3': 0, 'tiempo4': 0, 'tiempo5': 0, 'tiempo6': 0, 'tiempo7': 0, 'tiempo8': 0, 'tiempo9': 0, 'tiempo10': 0, 'tiempo11': 0, 'tiempo12': 19.023439, 'tiempo13': 0, 'tiempo14': 0, 'mensaje1': '', 'mensaje2': '', 'mensaje3': '', 'mensaje4': '', 'mensaje5': '', 'mensaje6': '', 'mensaje7': '', 'mensaje8': '', 'mensaje9': '', 'mensaje10': '', 'mensaje11': '', 'mensaje12': '', 'mensaje13': '', 'mensaje14': ''}
2024-11-07 11:43:42,126 - DEBUG - Starting new HTTP connection (1): 127.0.0.1:80
2024-11-07 11:43:42,372 - DEBUG - http://127.0.0.1:80 "POST /api/reportes HTTP/1.1" 201 None
2024-11-07 11:43:42,376 - DEBUG - Evento reportado con éxito, payload: {'volumen1': 0, 'volumen2': 0, 'volumen3': 0, 'volumen4': 0, 'volumen5': 0, 'volumen6': 0, 'volumen7': 0, 'volumen8': 0, 'volumen9': 0, 'volumen10': 0, 'volumen11': 0, 'volumen12': 0.0, 'volumen13': 0, 'volumen14': 0, 'tiempo1': 0, 'tiempo2': 0, 'tiempo3': 0, 'tiempo4': 0, 'tiempo5': 0, 'tiempo6': 0, 'tiempo7': 0, 'tiempo8': 0, 'tiempo9': 0, 'tiempo10': 0, 'tiempo11': 0, 'tiempo12': 19.023439, 'tiempo13': 0, 'tiempo14': 0, 'mensaje1': '', 'mensaje2': '', 'mensaje3': '', 'mensaje4': '', 'mensaje5': '', 'mensaje6': '', 'mensaje7': '', 'mensaje8': '', 'mensaje9': '', 'mensaje10': '', 'mensaje11': '', 'mensaje12': '', 'mensaje13': '', 'mensaje14': ''}
2024-11-07 11:43:42,377 - DEBUG - Payload de eventos eliminado y restablecido a valores iniciales.
2024-11-07 11:43:42,842 - DEBUG - Volumen actual: 0.0.
2024-11-07 11:43:43,843 - DEBUG - Volumen actual: 0.0.
2024-11-07 11:43:44,844 - DEBUG - Volumen actual: 0.0.
2024-11-07 11:43:45,845 - DEBUG - Volumen actual: 0.0.
2024-11-07 11:43:46,846 - DEBUG - Volumen actual: 0.0.
2024-11-07 11:43:47,847 - DEBUG - Volumen actual: 0.0.
2024-11-07 11:43:48,848 - DEBUG - Volumen actual: 0.0.
2024-11-07 11:43:49,849 - DEBUG - Volumen actual: 0.0.
2024-11-07 11:43:50,850 - DEBUG - Volumen actual: 0.0.
2024-11-07 11:43:51,851 - DEBUG - Volumen actual: 0.0.
2024-11-07 11:43:52,852 - DEBUG - Volumen actual: 0.0.
2024-11-07 11:43:54,830 - DEBUG - Volumen actual: 0.0.
2024-11-07 11:43:55,831 - DEBUG - Volumen actual: 0.0.
2024-11-07 11:43:56,832 - DEBUG - Volumen actual: 0.0.
2024-11-07 11:43:57,833 - DEBUG - Volumen actual: 0.0.
2024-11-07 11:43:58,833 - DEBUG - Volumen actual: 0.0.
2024-11-07 11:43:59,834 - DEBUG - Volumen actual: 0.0.
2024-11-07 11:44:00,835 - DEBUG - Volumen actual: 0.0.
2024-11-07 11:44:00,836 - DEBUG - Tiempo de riego alcanzado. Hora actual: 2024-11-07 11:44:00.836238.
2024-11-07 11:44:00,837 - ERROR - Camellón 13 no encontrado en la configuración.
2024-11-07 11:44:00,837 - DEBUG - Válvula del camellón 13 cerrada.
2024-11-07 11:44:01,845 - DEBUG - Finalizando PWM para fertilizante 1.
2024-11-07 11:44:01,847 - DEBUG - Finalizando PWM para fertilizante 2.
2024-11-07 11:44:01,848 - DEBUG - Riego en camellón 13 finalizado.
2024-11-07 11:44:01,849 - DEBUG - Acción ejecutada exitosamente en camellón 13
2024-11-07 11:44:41,835 - DEBUG - Se detectó el inicio de una actividad en el scheduler
2024-11-07 11:44:41,836 - DEBUG - Se está ejecutando una acción en el scheduler
2024-11-07 11:44:41,838 - DEBUG - Iniciando riego en camellón 14
2024-11-07 11:44:41,840 - ERROR - Camellón 14 no encontrado en la configuración.
2024-11-07 11:44:41,841 - DEBUG - Válvula del camellón 14 abierta.
2024-11-07 11:44:41,842 - DEBUG - Inicio de conteo de flujo. Volumen objetivo: 0.25.
2024-11-07 11:44:41,843 - DEBUG - Iniciando inyección de fertilizantes con PWM.
2024-11-07 11:44:41,843 - DEBUG - Volumen actual: 0.0.
2024-11-07 11:44:41,845 - DEBUG - Iniciando PWM para fertilizante 1.
2024-11-07 11:44:41,847 - DEBUG - Iniciando PWM para fertilizante 2.
2024-11-07 11:44:42,378 - DEBUG - el payload es:  {'volumen1': 0, 'volumen2': 0, 'volumen3': 0, 'volumen4': 0, 'volumen5': 0, 'volumen6': 0, 'volumen7': 0, 'volumen8': 0, 'volumen9': 0, 'volumen10': 0, 'volumen11': 0, 'volumen12': 0.0, 'volumen13': 0.0, 'volumen14': 0, 'tiempo1': 0, 'tiempo2': 0, 'tiempo3': 0, 'tiempo4': 0, 'tiempo5': 0, 'tiempo6': 0, 'tiempo7': 0, 'tiempo8': 0, 'tiempo9': 0, 'tiempo10': 0, 'tiempo11': 0, 'tiempo12': 19.023439, 'tiempo13': 18.9972, 'tiempo14': 0, 'mensaje1': '', 'mensaje2': '', 'mensaje3': '', 'mensaje4': '', 'mensaje5': '', 'mensaje6': '', 'mensaje7': '', 'mensaje8': '', 'mensaje9': '', 'mensaje10': '', 'mensaje11': '', 'mensaje12': '', 'mensaje13': '', 'mensaje14': ''}
2024-11-07 11:44:42,387 - DEBUG - Starting new HTTP connection (1): 127.0.0.1:80
2024-11-07 11:44:42,651 - DEBUG - http://127.0.0.1:80 "POST /api/reportes HTTP/1.1" 201 None
2024-11-07 11:44:42,657 - DEBUG - Evento reportado con éxito, payload: {'volumen1': 0, 'volumen2': 0, 'volumen3': 0, 'volumen4': 0, 'volumen5': 0, 'volumen6': 0, 'volumen7': 0, 'volumen8': 0, 'volumen9': 0, 'volumen10': 0, 'volumen11': 0, 'volumen12': 0.0, 'volumen13': 0.0, 'volumen14': 0, 'tiempo1': 0, 'tiempo2': 0, 'tiempo3': 0, 'tiempo4': 0, 'tiempo5': 0, 'tiempo6': 0, 'tiempo7': 0, 'tiempo8': 0, 'tiempo9': 0, 'tiempo10': 0, 'tiempo11': 0, 'tiempo12': 19.023439, 'tiempo13': 18.9972, 'tiempo14': 0, 'mensaje1': '', 'mensaje2': '', 'mensaje3': '', 'mensaje4': '', 'mensaje5': '', 'mensaje6': '', 'mensaje7': '', 'mensaje8': '', 'mensaje9': '', 'mensaje10': '', 'mensaje11': '', 'mensaje12': '', 'mensaje13': '', 'mensaje14': ''}
2024-11-07 11:44:42,658 - DEBUG - Payload de eventos eliminado y restablecido a valores iniciales.
2024-11-07 11:44:42,846 - DEBUG - Volumen actual: 0.0.
2024-11-07 11:44:43,847 - DEBUG - Volumen actual: 0.0.
2024-11-07 11:44:44,848 - DEBUG - Volumen actual: 0.0.
2024-11-07 11:44:45,848 - DEBUG - Volumen actual: 0.0.
2024-11-07 11:44:46,849 - DEBUG - Volumen actual: 0.0.
2024-11-07 11:44:47,850 - DEBUG - Volumen actual: 0.0.
2024-11-07 11:44:48,851 - DEBUG - Volumen actual: 0.0.
2024-11-07 11:44:49,852 - DEBUG - Volumen actual: 0.0.
2024-11-07 11:44:50,853 - DEBUG - Volumen actual: 0.0.
2024-11-07 11:44:51,854 - DEBUG - Volumen actual: 0.0.
2024-11-07 11:44:52,881 - DEBUG - Volumen actual: 0.0.
2024-11-07 11:44:53,882 - DEBUG - Volumen actual: 0.0.
2024-11-07 11:44:54,883 - DEBUG - Volumen actual: 0.0.
2024-11-07 11:44:55,884 - DEBUG - Volumen actual: 0.0.
2024-11-07 11:44:56,884 - DEBUG - Volumen actual: 0.0.
2024-11-07 11:44:57,885 - DEBUG - Volumen actual: 0.0.
2024-11-07 11:44:58,906 - DEBUG - Volumen actual: 0.0.
2024-11-07 11:44:59,907 - DEBUG - Volumen actual: 0.0.
2024-11-07 11:45:00,908 - DEBUG - Volumen actual: 0.0.
2024-11-07 11:45:00,908 - DEBUG - Tiempo de riego alcanzado. Hora actual: 2024-11-07 11:45:00.908708.
2024-11-07 11:45:00,909 - ERROR - Camellón 14 no encontrado en la configuración.
2024-11-07 11:45:00,910 - DEBUG - Válvula del camellón 14 cerrada.
2024-11-07 11:45:01,849 - DEBUG - Finalizando PWM para fertilizante 1.
2024-11-07 11:45:01,850 - DEBUG - Finalizando PWM para fertilizante 2.
2024-11-07 11:45:01,852 - DEBUG - Riego en camellón 14 finalizado.
2024-11-07 11:45:01,853 - DEBUG - Acción ejecutada exitosamente en camellón 14
2024-11-07 11:45:41,839 - DEBUG - Se detectó el inicio de una actividad en el scheduler
2024-11-07 11:45:41,840 - DEBUG - Se está ejecutando una acción en el scheduler
2024-11-07 11:45:41,842 - DEBUG - Iniciando riego en camellón 1
2024-11-07 11:45:41,844 - DEBUG - Inicio de conteo de flujo. Volumen objetivo: 0.25.
2024-11-07 11:45:41,845 - DEBUG - Válvula del camellón 1 abierta.
2024-11-07 11:45:41,845 - DEBUG - Volumen actual: 0.0.
2024-11-07 11:45:41,846 - DEBUG - Iniciando inyección de fertilizantes con PWM.
2024-11-07 11:45:41,847 - DEBUG - Iniciando PWM para fertilizante 1.
2024-11-07 11:45:41,848 - DEBUG - Iniciando PWM para fertilizante 2.
2024-11-07 11:45:42,660 - DEBUG - el payload es:  {'volumen1': 0, 'volumen2': 0, 'volumen3': 0, 'volumen4': 0, 'volumen5': 0, 'volumen6': 0, 'volumen7': 0, 'volumen8': 0, 'volumen9': 0, 'volumen10': 0, 'volumen11': 0, 'volumen12': 0.0, 'volumen13': 0.0, 'volumen14': 0.0, 'tiempo1': 0, 'tiempo2': 0, 'tiempo3': 0, 'tiempo4': 0, 'tiempo5': 0, 'tiempo6': 0, 'tiempo7': 0, 'tiempo8': 0, 'tiempo9': 0, 'tiempo10': 0, 'tiempo11': 0, 'tiempo12': 19.023439, 'tiempo13': 18.9972, 'tiempo14': 19.065595, 'mensaje1': '', 'mensaje2': '', 'mensaje3': '', 'mensaje4': '', 'mensaje5': '', 'mensaje6': '', 'mensaje7': '', 'mensaje8': '', 'mensaje9': '', 'mensaje10': '', 'mensaje11': '', 'mensaje12': '', 'mensaje13': '', 'mensaje14': ''}
2024-11-07 11:45:42,674 - DEBUG - Starting new HTTP connection (1): 127.0.0.1:80
2024-11-07 11:45:42,847 - DEBUG - Volumen actual: 0.0.
2024-11-07 11:45:43,848 - DEBUG - Volumen actual: 0.0.
2024-11-07 11:45:43,934 - DEBUG - http://127.0.0.1:80 "POST /api/reportes HTTP/1.1" 201 None
2024-11-07 11:45:43,938 - DEBUG - Evento reportado con éxito, payload: {'volumen1': 0, 'volumen2': 0, 'volumen3': 0, 'volumen4': 0, 'volumen5': 0, 'volumen6': 0, 'volumen7': 0, 'volumen8': 0, 'volumen9': 0, 'volumen10': 0, 'volumen11': 0, 'volumen12': 0.0, 'volumen13': 0.0, 'volumen14': 0.0, 'tiempo1': 0, 'tiempo2': 0, 'tiempo3': 0, 'tiempo4': 0, 'tiempo5': 0, 'tiempo6': 0, 'tiempo7': 0, 'tiempo8': 0, 'tiempo9': 0, 'tiempo10': 0, 'tiempo11': 0, 'tiempo12': 19.023439, 'tiempo13': 18.9972, 'tiempo14': 19.065595, 'mensaje1': '', 'mensaje2': '', 'mensaje3': '', 'mensaje4': '', 'mensaje5': '', 'mensaje6': '', 'mensaje7': '', 'mensaje8': '', 'mensaje9': '', 'mensaje10': '', 'mensaje11': '', 'mensaje12': '', 'mensaje13': '', 'mensaje14': ''}
2024-11-07 11:45:43,939 - DEBUG - Payload de eventos eliminado y restablecido a valores iniciales.
2024-11-07 11:45:44,849 - DEBUG - Volumen actual: 0.0.
2024-11-07 11:45:45,850 - DEBUG - Volumen actual: 0.0.
2024-11-07 11:45:46,851 - DEBUG - Volumen actual: 0.0.
2024-11-07 11:45:47,852 - DEBUG - Volumen actual: 0.0.
2024-11-07 11:45:48,853 - DEBUG - Volumen actual: 0.0.
2024-11-07 11:45:49,854 - DEBUG - Volumen actual: 0.0.
2024-11-07 11:45:50,855 - DEBUG - Volumen actual: 0.0.
2024-11-07 11:45:51,856 - DEBUG - Volumen actual: 0.0.
2024-11-07 11:45:52,857 - DEBUG - Volumen actual: 0.0.
2024-11-07 11:45:53,858 - DEBUG - Volumen actual: 0.0.
2024-11-07 11:45:54,859 - DEBUG - Volumen actual: 0.0.
2024-11-07 11:45:55,860 - DEBUG - Volumen actual: 0.0.
2024-11-07 11:45:56,861 - DEBUG - Volumen actual: 0.0.
2024-11-07 11:45:57,862 - DEBUG - Volumen actual: 0.0.
2024-11-07 11:45:58,863 - DEBUG - Volumen actual: 0.0.
2024-11-07 11:45:59,864 - DEBUG - Volumen actual: 0.0.
2024-11-07 11:46:00,865 - DEBUG - Volumen actual: 0.0.
2024-11-07 11:46:00,865 - DEBUG - Tiempo de riego alcanzado. Hora actual: 2024-11-07 11:46:00.865627.
2024-11-07 11:46:00,867 - DEBUG - Válvula del camellón 1 cerrada.
2024-11-07 11:46:01,851 - DEBUG - Finalizando PWM para fertilizante 1.
2024-11-07 11:46:01,852 - DEBUG - Finalizando PWM para fertilizante 2.
2024-11-07 11:46:01,854 - DEBUG - Riego en camellón 1 finalizado.
2024-11-07 11:46:01,854 - DEBUG - Acción ejecutada exitosamente en camellón 1
