Programa actual guardado localmente.
Cronograma de actividades guardado exitosamente.
Contenido guardado en cronograma_actividades.json:
[
    {
        "inicio": "00:00",
        "fin": "00:34",
        "accion": {
            "camellon": 1,
            "volumen": 2.6,
            "fertilizante1": 6.1,
            "fertilizante2": 7.7
        }
    },
    {
        "inicio": "00:34",
        "fin": "01:08",
        "accion": {
            "camellon": 2,
            "volumen": 4.333333333333333,
            "fertilizante1": 5.8,
            "fertilizante2": 4.7
        }
    },
    {
        "inicio": "01:08",
        "fin": "01:42",
        "accion": {
            "camellon": 3,
            "volumen": 3.6999999999999997,
            "fertilizante1": 3.4,
            "fertilizante2": 2.8
        }
    },
    {
        "inicio": "01:42",
        "fin": "02:16",
        "accion": {
            "camellon": 4,
            "volumen": 2.966666666666667,
            "fertilizante1": 5.7,
            "fertilizante2": 7
        }
    },
    {
        "inicio": "02:16",
        "fin": "02:51",
        "accion": {
            "camellon": 5,
            "volumen": 7.533333333333334,
            "fertilizante1": 9,
            "fertilizante2": 6.7
        }
    },
    {
        "inicio": "02:51",
        "fin": "03:25",
        "accion": {
            "camellon": 6,
            "volumen": 2.4,
            "fertilizante1": 6.4,
            "fertilizante2": 8.8
        }
    },
    {
        "inicio": "03:25",
        "fin": "03:59",
        "accion": {
            "camellon": 7,
            "volumen": 7.733333333333333,
            "fertilizante1": 5.6,
            "fertilizante2": 4.2
        }
    },
    {
        "inicio": "03:59",
        "fin": "04:33",
        "accion": {
            "camellon": 8,
            "volumen": 7.733333333333333,
            "fertilizante1": 6.9,
            "fertilizante2": 3.7
        }
    },
    {
        "inicio": "04:33",
        "fin": "05:07",
        "accion": {
            "camellon": 9,
            "volumen": 7.5,
            "fertilizante1": 7.2,
            "fertilizante2": 6.2
        }
    },
    {
        "inicio": "05:07",
        "fin": "05:42",
        "accion": {
            "camellon": 10,
            "volumen": 5.6000000000000005,
            "fertilizante1": 6.7,
            "fertilizante2": 4.4
        }
    },
    {
        "inicio": "05:42",
        "fin": "06:16",
        "accion": {
            "camellon": 11,
            "volumen": 8.066666666666666,
            "fertilizante1": 8,
            "fertilizante2": 8.3
        }
    },
    {
        "inicio": "06:16",
        "fin": "06:50",
        "accion": {
            "camellon": 12,
            "volumen": 6.266666666666667,
            "fertilizante1": 4.3,
            "fertilizante2": 4.4
        }
    },
    {
        "inicio": "06:50",
        "fin": "07:24",
        "accion": {
            "camellon": 13,
            "volumen": 6.1000000000000005,
            "fertilizante1": 6.3,
            "fertilizante2": 6.3
        }
    },
    {
        "inicio": "07:24",
        "fin": "07:59",
        "accion": {
            "camellon": 14,
            "volumen": 4.766666666666667,
            "fertilizante1": 4.7,
            "fertilizante2": 4.1
        }
    },
    {
        "inicio": "08:00",
        "fin": "08:34",
        "accion": {
            "camellon": 1,
            "volumen": 2.6,
            "fertilizante1": 6.1,
            "fertilizante2": 7.7
        }
    },
    {
        "inicio": "08:34",
        "fin": "09:08",
        "accion": {
            "camellon": 2,
            "volumen": 4.333333333333333,
            "fertilizante1": 5.8,
            "fertilizante2": 4.7
        }
    },
    {
        "inicio": "09:08",
        "fin": "09:42",
        "accion": {
            "camellon": 3,
            "volumen": 3.6999999999999997,
            "fertilizante1": 3.4,
            "fertilizante2": 2.8
        }
    },
    {
        "inicio": "09:42",
        "fin": "10:16",
        "accion": {
            "camellon": 4,
            "volumen": 2.966666666666667,
            "fertilizante1": 5.7,
            "fertilizante2": 7
        }
    },
    {
        "inicio": "10:16",
        "fin": "10:51",
        "accion": {
            "camellon": 5,
            "volumen": 7.533333333333334,
            "fertilizante1": 9,
            "fertilizante2": 6.7
        }
    },
    {
        "inicio": "10:51",
        "fin": "11:25",
        "accion": {
            "camellon": 6,
            "volumen": 2.4,
            "fertilizante1": 6.4,
            "fertilizante2": 8.8
        }
    },
    {
        "inicio": "11:25",
        "fin": "11:59",
        "accion": {
            "camellon": 7,
            "volumen": 7.733333333333333,
            "fertilizante1": 5.6,
            "fertilizante2": 4.2
        }
    },
    {
        "inicio": "11:59",
        "fin": "12:33",
        "accion": {
            "camellon": 8,
            "volumen": 7.733333333333333,
            "fertilizante1": 6.9,
            "fertilizante2": 3.7
        }
    },
    {
        "inicio": "12:33",
        "fin": "13:07",
        "accion": {
            "camellon": 9,
            "volumen": 7.5,
            "fertilizante1": 7.2,
            "fertilizante2": 6.2
        }
    },
    {
        "inicio": "13:07",
        "fin": "13:42",
        "accion": {
            "camellon": 10,
            "volumen": 5.6000000000000005,
            "fertilizante1": 6.7,
            "fertilizante2": 4.4
        }
    },
    {
        "inicio": "13:42",
        "fin": "14:16",
        "accion": {
            "camellon": 11,
            "volumen": 8.066666666666666,
            "fertilizante1": 8,
            "fertilizante2": 8.3
        }
    },
    {
        "inicio": "14:16",
        "fin": "14:50",
        "accion": {
            "camellon": 12,
            "volumen": 6.266666666666667,
            "fertilizante1": 4.3,
            "fertilizante2": 4.4
        }
    },
    {
        "inicio": "14:50",
        "fin": "15:24",
        "accion": {
            "camellon": 13,
            "volumen": 6.1000000000000005,
            "fertilizante1": 6.3,
            "fertilizante2": 6.3
        }
    },
    {
        "inicio": "15:24",
        "fin": "15:59",
        "accion": {
            "camellon": 14,
            "volumen": 4.766666666666667,
            "fertilizante1": 4.7,
            "fertilizante2": 4.1
        }
    },
    {
        "inicio": "16:00",
        "fin": "16:34",
        "accion": {
            "camellon": 1,
            "volumen": 2.6,
            "fertilizante1": 6.1,
            "fertilizante2": 7.7
        }
    },
    {
        "inicio": "16:34",
        "fin": "17:08",
        "accion": {
            "camellon": 2,
            "volumen": 4.333333333333333,
            "fertilizante1": 5.8,
            "fertilizante2": 4.7
        }
    },
    {
        "inicio": "17:08",
        "fin": "17:42",
        "accion": {
            "camellon": 3,
            "volumen": 3.6999999999999997,
            "fertilizante1": 3.4,
            "fertilizante2": 2.8
        }
    },
    {
        "inicio": "17:42",
        "fin": "18:16",
        "accion": {
            "camellon": 4,
            "volumen": 2.966666666666667,
            "fertilizante1": 5.7,
            "fertilizante2": 7
        }
    },
    {
        "inicio": "18:16",
        "fin": "18:51",
        "accion": {
            "camellon": 5,
            "volumen": 7.533333333333334,
            "fertilizante1": 9,
            "fertilizante2": 6.7
        }
    },
    {
        "inicio": "18:51",
        "fin": "19:25",
        "accion": {
            "camellon": 6,
            "volumen": 2.4,
            "fertilizante1": 6.4,
            "fertilizante2": 8.8
        }
    },
    {
        "inicio": "19:25",
        "fin": "19:59",
        "accion": {
            "camellon": 7,
            "volumen": 7.733333333333333,
            "fertilizante1": 5.6,
            "fertilizante2": 4.2
        }
    },
    {
        "inicio": "19:59",
        "fin": "20:33",
        "accion": {
            "camellon": 8,
            "volumen": 7.733333333333333,
            "fertilizante1": 6.9,
            "fertilizante2": 3.7
        }
    },
    {
        "inicio": "20:33",
        "fin": "21:07",
        "accion": {
            "camellon": 9,
            "volumen": 7.5,
            "fertilizante1": 7.2,
            "fertilizante2": 6.2
        }
    },
    {
        "inicio": "21:07",
        "fin": "21:42",
        "accion": {
            "camellon": 10,
            "volumen": 5.6000000000000005,
            "fertilizante1": 6.7,
            "fertilizante2": 4.4
        }
    },
    {
        "inicio": "21:42",
        "fin": "22:16",
        "accion": {
            "camellon": 11,
            "volumen": 8.066666666666666,
            "fertilizante1": 8,
            "fertilizante2": 8.3
        }
    },
    {
        "inicio": "22:16",
        "fin": "22:50",
        "accion": {
            "camellon": 12,
            "volumen": 6.266666666666667,
            "fertilizante1": 4.3,
            "fertilizante2": 4.4
        }
    },
    {
        "inicio": "22:50",
        "fin": "23:24",
        "accion": {
            "camellon": 13,
            "volumen": 6.1000000000000005,
            "fertilizante1": 6.3,
            "fertilizante2": 6.3
        }
    },
    {
        "inicio": "23:24",
        "fin": "23:59",
        "accion": {
            "camellon": 14,
            "volumen": 4.766666666666667,
            "fertilizante1": 4.7,
            "fertilizante2": 4.1
        }
    }
]
Programa actual guardado localmente.
Cronograma de actividades guardado exitosamente.
Contenido guardado en cronograma_actividades.json:
[
    {
        "inicio": "00:00",
        "fin": "00:34",
        "accion": {
            "camellon": 1,
            "volumen": 2.6,
            "fertilizante1": 6.1,
            "fertilizante2": 7.7
        }
    },
    {
        "inicio": "00:34",
        "fin": "01:08",
        "accion": {
            "camellon": 2,
            "volumen": 4.333333333333333,
            "fertilizante1": 5.8,
            "fertilizante2": 4.7
        }
    },
    {
        "inicio": "01:08",
        "fin": "01:42",
        "accion": {
            "camellon": 3,
            "volumen": 3.6999999999999997,
            "fertilizante1": 3.4,
            "fertilizante2": 2.8
        }
    },
    {
        "inicio": "01:42",
        "fin": "02:16",
        "accion": {
            "camellon": 4,
            "volumen": 2.966666666666667,
            "fertilizante1": 5.7,
            "fertilizante2": 7
        }
    },
    {
        "inicio": "02:16",
        "fin": "02:51",
        "accion": {
            "camellon": 5,
            "volumen": 7.533333333333334,
            "fertilizante1": 9,
            "fertilizante2": 6.7
        }
    },
    {
        "inicio": "02:51",
        "fin": "03:25",
        "accion": {
            "camellon": 6,
            "volumen": 2.4,
            "fertilizante1": 6.4,
            "fertilizante2": 8.8
        }
    },
    {
        "inicio": "03:25",
        "fin": "03:59",
        "accion": {
            "camellon": 7,
            "volumen": 7.733333333333333,
            "fertilizante1": 5.6,
            "fertilizante2": 4.2
        }
    },
    {
        "inicio": "03:59",
        "fin": "04:33",
        "accion": {
            "camellon": 8,
            "volumen": 7.733333333333333,
            "fertilizante1": 6.9,
            "fertilizante2": 3.7
        }
    },
    {
        "inicio": "04:33",
        "fin": "05:07",
        "accion": {
            "camellon": 9,
            "volumen": 7.5,
            "fertilizante1": 7.2,
            "fertilizante2": 6.2
        }
    },
    {
        "inicio": "05:07",
        "fin": "05:42",
        "accion": {
            "camellon": 10,
            "volumen": 5.6000000000000005,
            "fertilizante1": 6.7,
            "fertilizante2": 4.4
        }
    },
    {
        "inicio": "05:42",
        "fin": "06:16",
        "accion": {
            "camellon": 11,
            "volumen": 8.066666666666666,
            "fertilizante1": 8,
            "fertilizante2": 8.3
        }
    },
    {
        "inicio": "06:16",
        "fin": "06:50",
        "accion": {
            "camellon": 12,
            "volumen": 6.266666666666667,
            "fertilizante1": 4.3,
            "fertilizante2": 4.4
        }
    },
    {
        "inicio": "06:50",
        "fin": "07:24",
        "accion": {
            "camellon": 13,
            "volumen": 6.1000000000000005,
            "fertilizante1": 6.3,
            "fertilizante2": 6.3
        }
    },
    {
        "inicio": "07:24",
        "fin": "07:59",
        "accion": {
            "camellon": 14,
            "volumen": 4.766666666666667,
            "fertilizante1": 4.7,
            "fertilizante2": 4.1
        }
    },
    {
        "inicio": "08:00",
        "fin": "08:34",
        "accion": {
            "camellon": 1,
            "volumen": 2.6,
            "fertilizante1": 6.1,
            "fertilizante2": 7.7
        }
    },
    {
        "inicio": "08:34",
        "fin": "09:08",
        "accion": {
            "camellon": 2,
            "volumen": 4.333333333333333,
            "fertilizante1": 5.8,
            "fertilizante2": 4.7
        }
    },
    {
        "inicio": "09:08",
        "fin": "09:42",
        "accion": {
            "camellon": 3,
            "volumen": 3.6999999999999997,
            "fertilizante1": 3.4,
            "fertilizante2": 2.8
        }
    },
    {
        "inicio": "09:42",
        "fin": "10:16",
        "accion": {
            "camellon": 4,
            "volumen": 2.966666666666667,
            "fertilizante1": 5.7,
            "fertilizante2": 7
        }
    },
    {
        "inicio": "10:16",
        "fin": "10:51",
        "accion": {
            "camellon": 5,
            "volumen": 7.533333333333334,
            "fertilizante1": 9,
            "fertilizante2": 6.7
        }
    },
    {
        "inicio": "10:51",
        "fin": "11:25",
        "accion": {
            "camellon": 6,
            "volumen": 2.4,
            "fertilizante1": 6.4,
            "fertilizante2": 8.8
        }
    },
    {
        "inicio": "11:25",
        "fin": "11:59",
        "accion": {
            "camellon": 7,
            "volumen": 7.733333333333333,
            "fertilizante1": 5.6,
            "fertilizante2": 4.2
        }
    },
    {
        "inicio": "11:59",
        "fin": "12:33",
        "accion": {
            "camellon": 8,
            "volumen": 7.733333333333333,
            "fertilizante1": 6.9,
            "fertilizante2": 3.7
        }
    },
    {
        "inicio": "12:33",
        "fin": "13:07",
        "accion": {
            "camellon": 9,
            "volumen": 7.5,
            "fertilizante1": 7.2,
            "fertilizante2": 6.2
        }
    },
    {
        "inicio": "13:07",
        "fin": "13:42",
        "accion": {
            "camellon": 10,
            "volumen": 5.6000000000000005,
            "fertilizante1": 6.7,
            "fertilizante2": 4.4
        }
    },
    {
        "inicio": "13:42",
        "fin": "14:16",
        "accion": {
            "camellon": 11,
            "volumen": 8.066666666666666,
            "fertilizante1": 8,
            "fertilizante2": 8.3
        }
    },
    {
        "inicio": "14:16",
        "fin": "14:50",
        "accion": {
            "camellon": 12,
            "volumen": 6.266666666666667,
            "fertilizante1": 4.3,
            "fertilizante2": 4.4
        }
    },
    {
        "inicio": "14:50",
        "fin": "15:24",
        "accion": {
            "camellon": 13,
            "volumen": 6.1000000000000005,
            "fertilizante1": 6.3,
            "fertilizante2": 6.3
        }
    },
    {
        "inicio": "15:24",
        "fin": "15:59",
        "accion": {
            "camellon": 14,
            "volumen": 4.766666666666667,
            "fertilizante1": 4.7,
            "fertilizante2": 4.1
        }
    },
    {
        "inicio": "16:00",
        "fin": "16:34",
        "accion": {
            "camellon": 1,
            "volumen": 2.6,
            "fertilizante1": 6.1,
            "fertilizante2": 7.7
        }
    },
    {
        "inicio": "16:34",
        "fin": "17:08",
        "accion": {
            "camellon": 2,
            "volumen": 4.333333333333333,
            "fertilizante1": 5.8,
            "fertilizante2": 4.7
        }
    },
    {
        "inicio": "17:08",
        "fin": "17:42",
        "accion": {
            "camellon": 3,
            "volumen": 3.6999999999999997,
            "fertilizante1": 3.4,
            "fertilizante2": 2.8
        }
    },
    {
        "inicio": "17:42",
        "fin": "18:16",
        "accion": {
            "camellon": 4,
            "volumen": 2.966666666666667,
            "fertilizante1": 5.7,
            "fertilizante2": 7
        }
    },
    {
        "inicio": "18:16",
        "fin": "18:51",
        "accion": {
            "camellon": 5,
            "volumen": 7.533333333333334,
            "fertilizante1": 9,
            "fertilizante2": 6.7
        }
    },
    {
        "inicio": "18:51",
        "fin": "19:25",
        "accion": {
            "camellon": 6,
            "volumen": 2.4,
            "fertilizante1": 6.4,
            "fertilizante2": 8.8
        }
    },
    {
        "inicio": "19:25",
        "fin": "19:59",
        "accion": {
            "camellon": 7,
            "volumen": 7.733333333333333,
            "fertilizante1": 5.6,
            "fertilizante2": 4.2
        }
    },
    {
        "inicio": "19:59",
        "fin": "20:33",
        "accion": {
            "camellon": 8,
            "volumen": 7.733333333333333,
            "fertilizante1": 6.9,
            "fertilizante2": 3.7
        }
    },
    {
        "inicio": "20:33",
        "fin": "21:07",
        "accion": {
            "camellon": 9,
            "volumen": 7.5,
            "fertilizante1": 7.2,
            "fertilizante2": 6.2
        }
    },
    {
        "inicio": "21:07",
        "fin": "21:42",
        "accion": {
            "camellon": 10,
            "volumen": 5.6000000000000005,
            "fertilizante1": 6.7,
            "fertilizante2": 4.4
        }
    },
    {
        "inicio": "21:42",
        "fin": "22:16",
        "accion": {
            "camellon": 11,
            "volumen": 8.066666666666666,
            "fertilizante1": 8,
            "fertilizante2": 8.3
        }
    },
    {
        "inicio": "22:16",
        "fin": "22:50",
        "accion": {
            "camellon": 12,
            "volumen": 6.266666666666667,
            "fertilizante1": 4.3,
            "fertilizante2": 4.4
        }
    },
    {
        "inicio": "22:50",
        "fin": "23:24",
        "accion": {
            "camellon": 13,
            "volumen": 6.1000000000000005,
            "fertilizante1": 6.3,
            "fertilizante2": 6.3
        }
    },
    {
        "inicio": "23:24",
        "fin": "23:59",
        "accion": {
            "camellon": 14,
            "volumen": 4.766666666666667,
            "fertilizante1": 4.7,
            "fertilizante2": 4.1
        }
    }
]
Deteniendo el controlador principal.
